<?xml version="1.0" encoding="UTF-8"?>
<testng-results ignored="0" total="1" passed="1" failed="0" skipped="0">
  <reporter-output>
  </reporter-output>
  <suite started-at="2025-08-20T15:17:19 IST" name="Default suite" finished-at="2025-08-20T15:17:35 IST" duration-ms="16444">
    <groups>
    </groups>
    <test started-at="2025-08-20T15:17:19 IST" name="Default test" finished-at="2025-08-20T15:17:35 IST" duration-ms="16444">
      <class name="TestDemo1.MultipleTabs">
        <test-method is-config="true" signature="setup()[pri:0, instance:TestDemo1.MultipleTabs@185a6e9]" started-at="2025-08-20T15:17:19 IST" name="setup" finished-at="2025-08-20T15:17:23 IST" duration-ms="4540" status="PASS">
          <reporter-output>
          </reporter-output>
        </test-method> <!-- setup -->
        <test-method signature="testMultipleWindows()[pri:0, instance:TestDemo1.MultipleTabs@185a6e9]" started-at="2025-08-20T15:17:23 IST" name="testMultipleWindows" finished-at="2025-08-20T15:17:35 IST" duration-ms="11699" status="PASS">
          <reporter-output>
          </reporter-output>
        </test-method> <!-- testMultipleWindows -->
        <test-method is-config="true" signature="tearDown()[pri:0, instance:TestDemo1.MultipleTabs@185a6e9]" started-at="2025-08-20T15:17:35 IST" name="tearDown" finished-at="2025-08-20T15:17:35 IST" duration-ms="160" status="PASS">
          <reporter-output>
          </reporter-output>
        </test-method> <!-- tearDown -->
      </class> <!-- TestDemo1.MultipleTabs -->
    </test> <!-- Default test -->
  </suite> <!-- Default suite -->
</testng-results>
